<?xml version="1.0" encoding="UTF-8"?>
<testng-results skipped="0" failed="0" ignored="0" total="1" passed="1">
  <reporter-output>
  </reporter-output>
  <suite name="Default suite" duration-ms="68236" started-at="2019-05-10T22:48:18Z" finished-at="2019-05-10T22:49:26Z">
    <groups>
    </groups>
    <test name="Default test" duration-ms="68236" started-at="2019-05-10T22:48:18Z" finished-at="2019-05-10T22:49:26Z">
      <class name="CreateAccount">
        <test-method status="PASS" signature="setUp()[pri:0, instance:CreateAccount@58651fd0]" name="setUp" is-config="true" duration-ms="62713" started-at="2019-05-11T04:18:18Z" finished-at="2019-05-11T04:19:20Z">
          <reporter-output>
          </reporter-output>
        </test-method> <!-- setUp -->
        <test-method status="PASS" signature="CreateAccount()[pri:0, instance:CreateAccount@58651fd0]" name="CreateAccount" duration-ms="5425" started-at="2019-05-11T04:19:20Z" finished-at="2019-05-11T04:19:26Z">
          <reporter-output>
          </reporter-output>
        </test-method> <!-- CreateAccount -->
        <test-method status="PASS" signature="tearDown()[pri:0, instance:CreateAccount@58651fd0]" name="tearDown" is-config="true" duration-ms="75" started-at="2019-05-11T04:19:26Z" finished-at="2019-05-11T04:19:26Z">
          <reporter-output>
          </reporter-output>
        </test-method> <!-- tearDown -->
      </class> <!-- CreateAccount -->
    </test> <!-- Default test -->
  </suite> <!-- Default suite -->
</testng-results>
